<?xml version="1.0" encoding="UTF-8"?>
<testng-results ignored="0" total="1" passed="1" failed="0" skipped="0">
  <reporter-output>
  </reporter-output>
  <suite started-at="2022-04-14T16:44:32 IST" name="Default suite" finished-at="2022-04-14T16:46:04 IST" duration-ms="92292">
    <groups>
    </groups>
    <test started-at="2022-04-14T16:44:32 IST" name="Default test" finished-at="2022-04-14T16:46:04 IST" duration-ms="92292">
      <class name="Raju.Home">
        <test-method signature="basePageNavigation()[pri:0, instance:Raju.Home@1af2d44a]" started-at="2022-04-14T16:44:32 IST" name="basePageNavigation" finished-at="2022-04-14T16:46:04 IST" duration-ms="92217" status="PASS">
          <reporter-output>
          </reporter-output>
        </test-method> <!-- basePageNavigation -->
      </class> <!-- Raju.Home -->
    </test> <!-- Default test -->
  </suite> <!-- Default suite -->
</testng-results>
